CRITICAL - 2023-10-03 12:51:02 --> syntax error, unexpected 'return' (T_RETURN)
in APPPATH\Controllers\DashboardAdmin.php on line 10.
 1 SYSTEMPATH\Router\Router.php(512): CodeIgniter\Router\AutoRouter->getRoute('dashboardadmin', 'get')
 2 SYSTEMPATH\Router\Router.php(208): CodeIgniter\Router\Router->autoRoute('dashboardadmin')
 3 SYSTEMPATH\CodeIgniter.php(800): CodeIgniter\Router\Router->handle('dashboardadmin')
 4 SYSTEMPATH\CodeIgniter.php(442): CodeIgniter\CodeIgniter->tryToRouteIt(Object(CodeIgniter\Router\RouteCollection))
 5 SYSTEMPATH\CodeIgniter.php(353): CodeIgniter\CodeIgniter->handleRequest(null, Object(Config\Cache), false)
 6 FCPATH\index.php(79): CodeIgniter\CodeIgniter->run()
CRITICAL - 2023-10-03 12:53:04 --> Undefined variable: page
in APPPATH\Views\template\v_template_admin.php on line 188.
 1 APPPATH\Views\template\v_template_admin.php(188): CodeIgniter\Debug\Exceptions->errorHandler(8, 'Undefined variable: page', 'C:\\xampp\\htdocs\\koperasi\\app\\Views\\template\\v_template_admin.php', 188, [])
 2 SYSTEMPATH\View\View.php(226): include('C:\\xampp\\htdocs\\koperasi\\app\\Views\\template\\v_template_admin.php')
 3 SYSTEMPATH\View\View.php(229): CodeIgniter\View\View->CodeIgniter\View\{closure}()
 4 SYSTEMPATH\Common.php(1188): CodeIgniter\View\View->render('template/v_template_admin', [], true)
 5 APPPATH\Controllers\DashboardAdmin.php(14): view('template/v_template_admin')
 6 SYSTEMPATH\CodeIgniter.php(919): App\Controllers\DashboardAdmin->index()
 7 SYSTEMPATH\CodeIgniter.php(494): CodeIgniter\CodeIgniter->runController(Object(App\Controllers\DashboardAdmin))
 8 SYSTEMPATH\CodeIgniter.php(353): CodeIgniter\CodeIgniter->handleRequest(null, Object(Config\Cache), false)
 9 FCPATH\index.php(79): CodeIgniter\CodeIgniter->run()
CRITICAL - 2023-10-03 12:53:05 --> Undefined variable: page
in APPPATH\Views\template\v_template_admin.php on line 188.
 1 APPPATH\Views\template\v_template_admin.php(188): CodeIgniter\Debug\Exceptions->errorHandler(8, 'Undefined variable: page', 'C:\\xampp\\htdocs\\koperasi\\app\\Views\\template\\v_template_admin.php', 188, [])
 2 SYSTEMPATH\View\View.php(226): include('C:\\xampp\\htdocs\\koperasi\\app\\Views\\template\\v_template_admin.php')
 3 SYSTEMPATH\View\View.php(229): CodeIgniter\View\View->CodeIgniter\View\{closure}()
 4 SYSTEMPATH\Common.php(1188): CodeIgniter\View\View->render('template/v_template_admin', [], true)
 5 APPPATH\Controllers\DashboardAdmin.php(14): view('template/v_template_admin')
 6 SYSTEMPATH\CodeIgniter.php(919): App\Controllers\DashboardAdmin->index()
 7 SYSTEMPATH\CodeIgniter.php(494): CodeIgniter\CodeIgniter->runController(Object(App\Controllers\DashboardAdmin))
 8 SYSTEMPATH\CodeIgniter.php(353): CodeIgniter\CodeIgniter->handleRequest(null, Object(Config\Cache), false)
 9 FCPATH\index.php(79): CodeIgniter\CodeIgniter->run()
CRITICAL - 2023-10-03 12:53:48 --> Invalid file: "admin /v_dashboard_admin.php"
in SYSTEMPATH\Exceptions\FrameworkException.php on line 39.
 1 SYSTEMPATH\View\View.php(214): CodeIgniter\Exceptions\FrameworkException::forInvalidFile('admin /v_dashboard_admin.php')
 2 SYSTEMPATH\Common.php(1188): CodeIgniter\View\View->render('admin /v_dashboard_admin', [], true)
 3 APPPATH\Views\template\v_template_admin.php(189): view('admin /v_dashboard_admin')
 4 SYSTEMPATH\View\View.php(226): include('C:\\xampp\\htdocs\\koperasi\\app\\Views\\template\\v_template_admin.php')
 5 SYSTEMPATH\View\View.php(229): CodeIgniter\View\View->CodeIgniter\View\{closure}()
 6 SYSTEMPATH\Common.php(1188): CodeIgniter\View\View->render('template/v_template_admin', [], true)
 7 APPPATH\Controllers\DashboardAdmin.php(14): view('template/v_template_admin', [...])
 8 SYSTEMPATH\CodeIgniter.php(919): App\Controllers\DashboardAdmin->index()
 9 SYSTEMPATH\CodeIgniter.php(494): CodeIgniter\CodeIgniter->runController(Object(App\Controllers\DashboardAdmin))
10 SYSTEMPATH\CodeIgniter.php(353): CodeIgniter\CodeIgniter->handleRequest(null, Object(Config\Cache), false)
11 FCPATH\index.php(79): CodeIgniter\CodeIgniter->run()
CRITICAL - 2023-10-03 12:53:51 --> Invalid file: "admin /v_dashboard_admin.php"
in SYSTEMPATH\Exceptions\FrameworkException.php on line 39.
 1 SYSTEMPATH\View\View.php(214): CodeIgniter\Exceptions\FrameworkException::forInvalidFile('admin /v_dashboard_admin.php')
 2 SYSTEMPATH\Common.php(1188): CodeIgniter\View\View->render('admin /v_dashboard_admin', [], true)
 3 APPPATH\Views\template\v_template_admin.php(189): view('admin /v_dashboard_admin')
 4 SYSTEMPATH\View\View.php(226): include('C:\\xampp\\htdocs\\koperasi\\app\\Views\\template\\v_template_admin.php')
 5 SYSTEMPATH\View\View.php(229): CodeIgniter\View\View->CodeIgniter\View\{closure}()
 6 SYSTEMPATH\Common.php(1188): CodeIgniter\View\View->render('template/v_template_admin', [], true)
 7 APPPATH\Controllers\DashboardAdmin.php(14): view('template/v_template_admin', [...])
 8 SYSTEMPATH\CodeIgniter.php(919): App\Controllers\DashboardAdmin->index()
 9 SYSTEMPATH\CodeIgniter.php(494): CodeIgniter\CodeIgniter->runController(Object(App\Controllers\DashboardAdmin))
10 SYSTEMPATH\CodeIgniter.php(353): CodeIgniter\CodeIgniter->handleRequest(null, Object(Config\Cache), false)
11 FCPATH\index.php(79): CodeIgniter\CodeIgniter->run()
CRITICAL - 2023-10-03 12:55:11 --> syntax error, unexpected '?>'
in APPPATH\Views\template\v_template_admin.php on line 170.
 1 SYSTEMPATH\View\View.php(229): CodeIgniter\View\View->CodeIgniter\View\{closure}()
 2 SYSTEMPATH\Common.php(1188): CodeIgniter\View\View->render('template/v_template_admin', [], true)
 3 APPPATH\Controllers\DashboardAdmin.php(14): view('template/v_template_admin', [...])
 4 SYSTEMPATH\CodeIgniter.php(919): App\Controllers\DashboardAdmin->index()
 5 SYSTEMPATH\CodeIgniter.php(494): CodeIgniter\CodeIgniter->runController(Object(App\Controllers\DashboardAdmin))
 6 SYSTEMPATH\CodeIgniter.php(353): CodeIgniter\CodeIgniter->handleRequest(null, Object(Config\Cache), false)
 7 FCPATH\index.php(79): CodeIgniter\CodeIgniter->run()
CRITICAL - 2023-10-03 12:56:16 --> syntax error, unexpected '?>', expecting variable (T_VARIABLE) or '{' or '$'
in APPPATH\Views\template\v_template_admin.php on line 174.
 1 SYSTEMPATH\View\View.php(229): CodeIgniter\View\View->CodeIgniter\View\{closure}()
 2 SYSTEMPATH\Common.php(1188): CodeIgniter\View\View->render('template/v_template_admin', [], true)
 3 APPPATH\Controllers\DashboardAdmin.php(14): view('template/v_template_admin', [...])
 4 SYSTEMPATH\CodeIgniter.php(919): App\Controllers\DashboardAdmin->index()
 5 SYSTEMPATH\CodeIgniter.php(494): CodeIgniter\CodeIgniter->runController(Object(App\Controllers\DashboardAdmin))
 6 SYSTEMPATH\CodeIgniter.php(353): CodeIgniter\CodeIgniter->handleRequest(null, Object(Config\Cache), false)
 7 FCPATH\index.php(79): CodeIgniter\CodeIgniter->run()
CRITICAL - 2023-10-03 13:23:02 --> Invalid file: "template/v_template_hom.php"
in SYSTEMPATH\Exceptions\FrameworkException.php on line 39.
 1 SYSTEMPATH\View\View.php(214): CodeIgniter\Exceptions\FrameworkException::forInvalidFile('template/v_template_hom.php')
 2 SYSTEMPATH\Common.php(1188): CodeIgniter\View\View->render('template/v_template_hom', [], true)
 3 APPPATH\Controllers\Home.php(14): view('template/v_template_hom', [...])
 4 SYSTEMPATH\CodeIgniter.php(919): App\Controllers\Home->index()
 5 SYSTEMPATH\CodeIgniter.php(494): CodeIgniter\CodeIgniter->runController(Object(App\Controllers\Home))
 6 SYSTEMPATH\CodeIgniter.php(353): CodeIgniter\CodeIgniter->handleRequest(null, Object(Config\Cache), false)
 7 FCPATH\index.php(79): CodeIgniter\CodeIgniter->run()
CRITICAL - 2023-10-03 13:40:28 --> Invalid file: "template/v_template_home.php"
in SYSTEMPATH\Exceptions\FrameworkException.php on line 39.
 1 SYSTEMPATH\View\View.php(214): CodeIgniter\Exceptions\FrameworkException::forInvalidFile('template/v_template_home.php')
 2 SYSTEMPATH\Common.php(1188): CodeIgniter\View\View->render('template/v_template_home', [], true)
 3 APPPATH\Controllers\Home.php(14): view('template/v_template_home', [...])
 4 SYSTEMPATH\CodeIgniter.php(919): App\Controllers\Home->index()
 5 SYSTEMPATH\CodeIgniter.php(494): CodeIgniter\CodeIgniter->runController(Object(App\Controllers\Home))
 6 SYSTEMPATH\CodeIgniter.php(353): CodeIgniter\CodeIgniter->handleRequest(null, Object(Config\Cache), false)
 7 FCPATH\index.php(79): CodeIgniter\CodeIgniter->run()
CRITICAL - 2023-10-03 13:40:34 --> Invalid file: "template/v_template_home.php"
in SYSTEMPATH\Exceptions\FrameworkException.php on line 39.
 1 SYSTEMPATH\View\View.php(214): CodeIgniter\Exceptions\FrameworkException::forInvalidFile('template/v_template_home.php')
 2 SYSTEMPATH\Common.php(1188): CodeIgniter\View\View->render('template/v_template_home', [], true)
 3 APPPATH\Controllers\Home.php(14): view('template/v_template_home', [...])
 4 SYSTEMPATH\CodeIgniter.php(919): App\Controllers\Home->index()
 5 SYSTEMPATH\CodeIgniter.php(494): CodeIgniter\CodeIgniter->runController(Object(App\Controllers\Home))
 6 SYSTEMPATH\CodeIgniter.php(353): CodeIgniter\CodeIgniter->handleRequest(null, Object(Config\Cache), false)
 7 FCPATH\index.php(79): CodeIgniter\CodeIgniter->run()
CRITICAL - 2023-10-03 13:41:27 --> Invalid file: "template/v_login.php"
in SYSTEMPATH\Exceptions\FrameworkException.php on line 39.
 1 SYSTEMPATH\View\View.php(214): CodeIgniter\Exceptions\FrameworkException::forInvalidFile('template/v_login.php')
 2 SYSTEMPATH\Common.php(1188): CodeIgniter\View\View->render('template/v_login', [], true)
 3 APPPATH\Controllers\Home.php(14): view('template/v_login', [...])
 4 SYSTEMPATH\CodeIgniter.php(919): App\Controllers\Home->index()
 5 SYSTEMPATH\CodeIgniter.php(494): CodeIgniter\CodeIgniter->runController(Object(App\Controllers\Home))
 6 SYSTEMPATH\CodeIgniter.php(353): CodeIgniter\CodeIgniter->handleRequest(null, Object(Config\Cache), false)
 7 FCPATH\index.php(79): CodeIgniter\CodeIgniter->run()
CRITICAL - 2023-10-03 14:02:08 --> Undefined variable: page
in APPPATH\Views\v_login.php on line 188.
 1 APPPATH\Views\v_login.php(188): CodeIgniter\Debug\Exceptions->errorHandler(8, 'Undefined variable: page', 'C:\\xampp\\htdocs\\koperasi\\app\\Views\\v_login.php', 188, [...])
 2 SYSTEMPATH\View\View.php(226): include('C:\\xampp\\htdocs\\koperasi\\app\\Views\\v_login.php')
 3 SYSTEMPATH\View\View.php(229): CodeIgniter\View\View->CodeIgniter\View\{closure}()
 4 SYSTEMPATH\Common.php(1188): CodeIgniter\View\View->render('v_login', [], true)
 5 APPPATH\Controllers\Home.php(13): view('v_login', [...])
 6 SYSTEMPATH\CodeIgniter.php(919): App\Controllers\Home->index()
 7 SYSTEMPATH\CodeIgniter.php(494): CodeIgniter\CodeIgniter->runController(Object(App\Controllers\Home))
 8 SYSTEMPATH\CodeIgniter.php(353): CodeIgniter\CodeIgniter->handleRequest(null, Object(Config\Cache), false)
 9 FCPATH\index.php(79): CodeIgniter\CodeIgniter->run()
CRITICAL - 2023-10-03 14:02:10 --> Undefined variable: page
in APPPATH\Views\v_login.php on line 188.
 1 APPPATH\Views\v_login.php(188): CodeIgniter\Debug\Exceptions->errorHandler(8, 'Undefined variable: page', 'C:\\xampp\\htdocs\\koperasi\\app\\Views\\v_login.php', 188, [...])
 2 SYSTEMPATH\View\View.php(226): include('C:\\xampp\\htdocs\\koperasi\\app\\Views\\v_login.php')
 3 SYSTEMPATH\View\View.php(229): CodeIgniter\View\View->CodeIgniter\View\{closure}()
 4 SYSTEMPATH\Common.php(1188): CodeIgniter\View\View->render('v_login', [], true)
 5 APPPATH\Controllers\Home.php(13): view('v_login', [...])
 6 SYSTEMPATH\CodeIgniter.php(919): App\Controllers\Home->index()
 7 SYSTEMPATH\CodeIgniter.php(494): CodeIgniter\CodeIgniter->runController(Object(App\Controllers\Home))
 8 SYSTEMPATH\CodeIgniter.php(353): CodeIgniter\CodeIgniter->handleRequest(null, Object(Config\Cache), false)
 9 FCPATH\index.php(79): CodeIgniter\CodeIgniter->run()
CRITICAL - 2023-10-03 14:06:08 --> Use of undefined constant e - assumed 'e' (this will throw an Error in a future version of PHP)
in APPPATH\Views\v_login.php on line 30.
 1 APPPATH\Views\v_login.php(30): CodeIgniter\Debug\Exceptions->errorHandler(2, 'Use of undefined constant e - assumed \'e\' (this will throw an Error in a future version of PHP)', 'C:\\xampp\\htdocs\\koperasi\\app\\Views\\v_login.php', 30, [...])
 2 SYSTEMPATH\View\View.php(226): include('C:\\xampp\\htdocs\\koperasi\\app\\Views\\v_login.php')
 3 SYSTEMPATH\View\View.php(229): CodeIgniter\View\View->CodeIgniter\View\{closure}()
 4 SYSTEMPATH\Common.php(1188): CodeIgniter\View\View->render('v_login', [], true)
 5 APPPATH\Controllers\Home.php(13): view('v_login', [...])
 6 SYSTEMPATH\CodeIgniter.php(919): App\Controllers\Home->index()
 7 SYSTEMPATH\CodeIgniter.php(494): CodeIgniter\CodeIgniter->runController(Object(App\Controllers\Home))
 8 SYSTEMPATH\CodeIgniter.php(353): CodeIgniter\CodeIgniter->handleRequest(null, Object(Config\Cache), false)
 9 FCPATH\index.php(79): CodeIgniter\CodeIgniter->run()
