INFO - 2023-11-02 07:20:32 --> Session: Class initialized using 'CodeIgniter\Session\Handlers\FileHandler' driver.
INFO - 2023-11-02 07:20:38 --> Session: Class initialized using 'CodeIgniter\Session\Handlers\FileHandler' driver.
INFO - 2023-11-02 07:20:38 --> Session: Class initialized using 'CodeIgniter\Session\Handlers\FileHandler' driver.
INFO - 2023-11-02 07:20:41 --> Session: Class initialized using 'CodeIgniter\Session\Handlers\FileHandler' driver.
INFO - 2023-11-02 07:20:42 --> Session: Class initialized using 'CodeIgniter\Session\Handlers\FileHandler' driver.
INFO - 2023-11-02 07:20:43 --> Session: Class initialized using 'CodeIgniter\Session\Handlers\FileHandler' driver.
INFO - 2023-11-02 07:20:44 --> Session: Class initialized using 'CodeIgniter\Session\Handlers\FileHandler' driver.
INFO - 2023-11-02 07:20:45 --> Session: Class initialized using 'CodeIgniter\Session\Handlers\FileHandler' driver.
INFO - 2023-11-02 07:20:47 --> Session: Class initialized using 'CodeIgniter\Session\Handlers\FileHandler' driver.
INFO - 2023-11-02 07:20:48 --> Session: Class initialized using 'CodeIgniter\Session\Handlers\FileHandler' driver.
INFO - 2023-11-02 07:32:57 --> Session: Class initialized using 'CodeIgniter\Session\Handlers\FileHandler' driver.
INFO - 2023-11-02 07:37:01 --> Session: Class initialized using 'CodeIgniter\Session\Handlers\FileHandler' driver.
ERROR - 2023-11-02 07:37:01 --> mysqli_sql_exception: Unknown column 'tbl_user.id_fakultas' in 'on clause' in C:\xampp\htdocs\koperasi\system\Database\MySQLi\Connection.php:306
Stack trace:
#0 C:\xampp\htdocs\koperasi\system\Database\MySQLi\Connection.php(306): mysqli->query('SELECT *\nFROM `...', 0)
#1 C:\xampp\htdocs\koperasi\system\Database\BaseConnection.php(692): CodeIgniter\Database\MySQLi\Connection->execute('SELECT *\nFROM `...')
#2 C:\xampp\htdocs\koperasi\system\Database\BaseConnection.php(606): CodeIgniter\Database\BaseConnection->simpleQuery('SELECT *\nFROM `...')
#3 C:\xampp\htdocs\koperasi\system\Database\BaseBuilder.php(1615): CodeIgniter\Database\BaseConnection->query('SELECT *\nFROM `...', Array, false)
#4 C:\xampp\htdocs\koperasi\app\Models\ModelAnggota.php(15): CodeIgniter\Database\BaseBuilder->get()
#5 C:\xampp\htdocs\koperasi\app\Controllers\Anggota.php(29): App\Models\ModelAnggota->all_data()
#6 C:\xampp\htdocs\koperasi\system\CodeIgniter.php(919): App\Controllers\Anggota->index()
#7 C:\xampp\htdocs\koperasi\system\CodeIgniter.php(494): CodeIgniter\CodeIgniter->runController(Object(App\Controllers\Anggota))
#8 C:\xampp\htdocs\koperasi\system\CodeIgniter.php(353): CodeIgniter\CodeIgniter->handleRequest(NULL, Object(Config\Cache), false)
#9 C:\xampp\htdocs\koperasi\public\index.php(79): CodeIgniter\CodeIgniter->run()
#10 {main}
CRITICAL - 2023-11-02 07:37:01 --> Unknown column 'tbl_user.id_fakultas' in 'on clause'
in SYSTEMPATH\Database\BaseConnection.php on line 646.
 1 SYSTEMPATH\Database\BaseBuilder.php(1615): CodeIgniter\Database\BaseConnection->query('SELECT *
FROM `tbl_user`
LEFT JOIN `tbl_fakultas` ON `tbl_fakultas`.`id_fakultas` = `tbl_user`.`id_fakultas`
ORDER BY `id_user` DESC', [], false)
 2 APPPATH\Models\ModelAnggota.php(15): CodeIgniter\Database\BaseBuilder->get()
 3 APPPATH\Controllers\Anggota.php(29): App\Models\ModelAnggota->all_data()
 4 SYSTEMPATH\CodeIgniter.php(919): App\Controllers\Anggota->index()
 5 SYSTEMPATH\CodeIgniter.php(494): CodeIgniter\CodeIgniter->runController(Object(App\Controllers\Anggota))
 6 SYSTEMPATH\CodeIgniter.php(353): CodeIgniter\CodeIgniter->handleRequest(null, Object(Config\Cache), false)
 7 FCPATH\index.php(79): CodeIgniter\CodeIgniter->run()
INFO - 2023-11-02 07:37:02 --> Session: Class initialized using 'CodeIgniter\Session\Handlers\FileHandler' driver.
ERROR - 2023-11-02 07:37:03 --> mysqli_sql_exception: Unknown column 'tbl_user.id_fakultas' in 'on clause' in C:\xampp\htdocs\koperasi\system\Database\MySQLi\Connection.php:306
Stack trace:
#0 C:\xampp\htdocs\koperasi\system\Database\MySQLi\Connection.php(306): mysqli->query('SELECT *\nFROM `...', 0)
#1 C:\xampp\htdocs\koperasi\system\Database\BaseConnection.php(692): CodeIgniter\Database\MySQLi\Connection->execute('SELECT *\nFROM `...')
#2 C:\xampp\htdocs\koperasi\system\Database\BaseConnection.php(606): CodeIgniter\Database\BaseConnection->simpleQuery('SELECT *\nFROM `...')
#3 C:\xampp\htdocs\koperasi\system\Database\BaseBuilder.php(1615): CodeIgniter\Database\BaseConnection->query('SELECT *\nFROM `...', Array, false)
#4 C:\xampp\htdocs\koperasi\app\Models\ModelAnggota.php(15): CodeIgniter\Database\BaseBuilder->get()
#5 C:\xampp\htdocs\koperasi\app\Controllers\Anggota.php(29): App\Models\ModelAnggota->all_data()
#6 C:\xampp\htdocs\koperasi\system\CodeIgniter.php(919): App\Controllers\Anggota->index()
#7 C:\xampp\htdocs\koperasi\system\CodeIgniter.php(494): CodeIgniter\CodeIgniter->runController(Object(App\Controllers\Anggota))
#8 C:\xampp\htdocs\koperasi\system\CodeIgniter.php(353): CodeIgniter\CodeIgniter->handleRequest(NULL, Object(Config\Cache), false)
#9 C:\xampp\htdocs\koperasi\public\index.php(79): CodeIgniter\CodeIgniter->run()
#10 {main}
CRITICAL - 2023-11-02 07:37:03 --> Unknown column 'tbl_user.id_fakultas' in 'on clause'
in SYSTEMPATH\Database\BaseConnection.php on line 646.
 1 SYSTEMPATH\Database\BaseBuilder.php(1615): CodeIgniter\Database\BaseConnection->query('SELECT *
FROM `tbl_user`
LEFT JOIN `tbl_fakultas` ON `tbl_fakultas`.`id_fakultas` = `tbl_user`.`id_fakultas`
ORDER BY `id_user` DESC', [], false)
 2 APPPATH\Models\ModelAnggota.php(15): CodeIgniter\Database\BaseBuilder->get()
 3 APPPATH\Controllers\Anggota.php(29): App\Models\ModelAnggota->all_data()
 4 SYSTEMPATH\CodeIgniter.php(919): App\Controllers\Anggota->index()
 5 SYSTEMPATH\CodeIgniter.php(494): CodeIgniter\CodeIgniter->runController(Object(App\Controllers\Anggota))
 6 SYSTEMPATH\CodeIgniter.php(353): CodeIgniter\CodeIgniter->handleRequest(null, Object(Config\Cache), false)
 7 FCPATH\index.php(79): CodeIgniter\CodeIgniter->run()
INFO - 2023-11-02 07:37:38 --> Session: Class initialized using 'CodeIgniter\Session\Handlers\FileHandler' driver.
ERROR - 2023-11-02 07:37:38 --> mysqli_sql_exception: Unknown column 'id_user' in 'order clause' in C:\xampp\htdocs\koperasi\system\Database\MySQLi\Connection.php:306
Stack trace:
#0 C:\xampp\htdocs\koperasi\system\Database\MySQLi\Connection.php(306): mysqli->query('SELECT *\nFROM `...', 0)
#1 C:\xampp\htdocs\koperasi\system\Database\BaseConnection.php(692): CodeIgniter\Database\MySQLi\Connection->execute('SELECT *\nFROM `...')
#2 C:\xampp\htdocs\koperasi\system\Database\BaseConnection.php(606): CodeIgniter\Database\BaseConnection->simpleQuery('SELECT *\nFROM `...')
#3 C:\xampp\htdocs\koperasi\system\Database\BaseBuilder.php(1615): CodeIgniter\Database\BaseConnection->query('SELECT *\nFROM `...', Array, false)
#4 C:\xampp\htdocs\koperasi\app\Models\ModelAnggota.php(15): CodeIgniter\Database\BaseBuilder->get()
#5 C:\xampp\htdocs\koperasi\app\Controllers\Anggota.php(29): App\Models\ModelAnggota->all_data()
#6 C:\xampp\htdocs\koperasi\system\CodeIgniter.php(919): App\Controllers\Anggota->index()
#7 C:\xampp\htdocs\koperasi\system\CodeIgniter.php(494): CodeIgniter\CodeIgniter->runController(Object(App\Controllers\Anggota))
#8 C:\xampp\htdocs\koperasi\system\CodeIgniter.php(353): CodeIgniter\CodeIgniter->handleRequest(NULL, Object(Config\Cache), false)
#9 C:\xampp\htdocs\koperasi\public\index.php(79): CodeIgniter\CodeIgniter->run()
#10 {main}
CRITICAL - 2023-11-02 07:37:38 --> Unknown column 'id_user' in 'order clause'
in SYSTEMPATH\Database\BaseConnection.php on line 646.
 1 SYSTEMPATH\Database\BaseBuilder.php(1615): CodeIgniter\Database\BaseConnection->query('SELECT *
FROM `tbl_anggota`
LEFT JOIN `tbl_fakultas` ON `tbl_fakultas`.`id_fakultas` = `tbl_anggota`.`id_fakultas`
ORDER BY `id_user` DESC', [], false)
 2 APPPATH\Models\ModelAnggota.php(15): CodeIgniter\Database\BaseBuilder->get()
 3 APPPATH\Controllers\Anggota.php(29): App\Models\ModelAnggota->all_data()
 4 SYSTEMPATH\CodeIgniter.php(919): App\Controllers\Anggota->index()
 5 SYSTEMPATH\CodeIgniter.php(494): CodeIgniter\CodeIgniter->runController(Object(App\Controllers\Anggota))
 6 SYSTEMPATH\CodeIgniter.php(353): CodeIgniter\CodeIgniter->handleRequest(null, Object(Config\Cache), false)
 7 FCPATH\index.php(79): CodeIgniter\CodeIgniter->run()
INFO - 2023-11-02 07:37:56 --> Session: Class initialized using 'CodeIgniter\Session\Handlers\FileHandler' driver.
INFO - 2023-11-02 07:39:30 --> Session: Class initialized using 'CodeIgniter\Session\Handlers\FileHandler' driver.
INFO - 2023-11-02 07:40:00 --> Session: Class initialized using 'CodeIgniter\Session\Handlers\FileHandler' driver.
INFO - 2023-11-02 11:08:54 --> Session: Class initialized using 'CodeIgniter\Session\Handlers\FileHandler' driver.
INFO - 2023-11-02 11:08:54 --> Session: Class initialized using 'CodeIgniter\Session\Handlers\FileHandler' driver.
INFO - 2023-11-02 11:09:00 --> Session: Class initialized using 'CodeIgniter\Session\Handlers\FileHandler' driver.
INFO - 2023-11-02 11:09:00 --> Session: Class initialized using 'CodeIgniter\Session\Handlers\FileHandler' driver.
INFO - 2023-11-02 11:09:05 --> Session: Class initialized using 'CodeIgniter\Session\Handlers\FileHandler' driver.
INFO - 2023-11-02 11:09:06 --> Session: Class initialized using 'CodeIgniter\Session\Handlers\FileHandler' driver.
INFO - 2023-11-02 11:12:49 --> Session: Class initialized using 'CodeIgniter\Session\Handlers\FileHandler' driver.
INFO - 2023-11-02 11:12:51 --> Session: Class initialized using 'CodeIgniter\Session\Handlers\FileHandler' driver.
INFO - 2023-11-02 11:12:52 --> Session: Class initialized using 'CodeIgniter\Session\Handlers\FileHandler' driver.
INFO - 2023-11-02 11:12:54 --> Session: Class initialized using 'CodeIgniter\Session\Handlers\FileHandler' driver.
INFO - 2023-11-02 11:12:54 --> Session: Class initialized using 'CodeIgniter\Session\Handlers\FileHandler' driver.
INFO - 2023-11-02 11:12:56 --> Session: Class initialized using 'CodeIgniter\Session\Handlers\FileHandler' driver.
INFO - 2023-11-02 11:12:56 --> Session: Class initialized using 'CodeIgniter\Session\Handlers\FileHandler' driver.
INFO - 2023-11-02 11:15:04 --> Session: Class initialized using 'CodeIgniter\Session\Handlers\FileHandler' driver.
INFO - 2023-11-02 11:15:05 --> Session: Class initialized using 'CodeIgniter\Session\Handlers\FileHandler' driver.
INFO - 2023-11-02 11:15:06 --> Session: Class initialized using 'CodeIgniter\Session\Handlers\FileHandler' driver.
INFO - 2023-11-02 11:15:47 --> Session: Class initialized using 'CodeIgniter\Session\Handlers\FileHandler' driver.
INFO - 2023-11-02 11:15:49 --> Session: Class initialized using 'CodeIgniter\Session\Handlers\FileHandler' driver.
INFO - 2023-11-02 11:15:49 --> Session: Class initialized using 'CodeIgniter\Session\Handlers\FileHandler' driver.
INFO - 2023-11-02 11:16:13 --> Session: Class initialized using 'CodeIgniter\Session\Handlers\FileHandler' driver.
INFO - 2023-11-02 11:16:15 --> Session: Class initialized using 'CodeIgniter\Session\Handlers\FileHandler' driver.
INFO - 2023-11-02 11:16:15 --> Session: Class initialized using 'CodeIgniter\Session\Handlers\FileHandler' driver.
INFO - 2023-11-02 11:16:54 --> Session: Class initialized using 'CodeIgniter\Session\Handlers\FileHandler' driver.
INFO - 2023-11-02 11:16:56 --> Session: Class initialized using 'CodeIgniter\Session\Handlers\FileHandler' driver.
INFO - 2023-11-02 11:16:57 --> Session: Class initialized using 'CodeIgniter\Session\Handlers\FileHandler' driver.
INFO - 2023-11-02 11:17:12 --> Session: Class initialized using 'CodeIgniter\Session\Handlers\FileHandler' driver.
INFO - 2023-11-02 11:17:12 --> Session: Class initialized using 'CodeIgniter\Session\Handlers\FileHandler' driver.
INFO - 2023-11-02 11:17:26 --> Session: Class initialized using 'CodeIgniter\Session\Handlers\FileHandler' driver.
INFO - 2023-11-02 11:17:41 --> Session: Class initialized using 'CodeIgniter\Session\Handlers\FileHandler' driver.
INFO - 2023-11-02 11:17:45 --> Session: Class initialized using 'CodeIgniter\Session\Handlers\FileHandler' driver.
INFO - 2023-11-02 11:17:45 --> Session: Class initialized using 'CodeIgniter\Session\Handlers\FileHandler' driver.
INFO - 2023-11-02 11:17:50 --> Session: Class initialized using 'CodeIgniter\Session\Handlers\FileHandler' driver.
INFO - 2023-11-02 11:17:57 --> Session: Class initialized using 'CodeIgniter\Session\Handlers\FileHandler' driver.
INFO - 2023-11-02 11:18:03 --> Session: Class initialized using 'CodeIgniter\Session\Handlers\FileHandler' driver.
INFO - 2023-11-02 11:18:48 --> Session: Class initialized using 'CodeIgniter\Session\Handlers\FileHandler' driver.
INFO - 2023-11-02 11:18:49 --> Session: Class initialized using 'CodeIgniter\Session\Handlers\FileHandler' driver.
INFO - 2023-11-02 11:18:49 --> Session: Class initialized using 'CodeIgniter\Session\Handlers\FileHandler' driver.
INFO - 2023-11-02 11:19:32 --> Session: Class initialized using 'CodeIgniter\Session\Handlers\FileHandler' driver.
INFO - 2023-11-02 11:19:40 --> Session: Class initialized using 'CodeIgniter\Session\Handlers\FileHandler' driver.
INFO - 2023-11-02 11:19:40 --> Session: Class initialized using 'CodeIgniter\Session\Handlers\FileHandler' driver.
INFO - 2023-11-02 11:20:28 --> Session: Class initialized using 'CodeIgniter\Session\Handlers\FileHandler' driver.
INFO - 2023-11-02 11:20:32 --> Session: Class initialized using 'CodeIgniter\Session\Handlers\FileHandler' driver.
INFO - 2023-11-02 11:23:29 --> Session: Class initialized using 'CodeIgniter\Session\Handlers\FileHandler' driver.
CRITICAL - 2023-11-02 11:23:29 --> Undefined variable: fakultas
in APPPATH\Views\anggota\v_input.php on line 24.
 1 APPPATH\Views\anggota\v_input.php(24): CodeIgniter\Debug\Exceptions->errorHandler(8, 'Undefined variable: fakultas', 'C:\\xampp\\htdocs\\koperasi\\app\\Views\\anggota\\v_input.php', 24, [...])
 2 SYSTEMPATH\View\View.php(226): include('C:\\xampp\\htdocs\\koperasi\\app\\Views\\anggota\\v_input.php')
 3 SYSTEMPATH\View\View.php(229): CodeIgniter\View\View->CodeIgniter\View\{closure}()
 4 SYSTEMPATH\Common.php(1188): CodeIgniter\View\View->render('anggota/v_input', [], true)
 5 APPPATH\Views\template\v_template_admin.php(328): view('anggota/v_input')
 6 SYSTEMPATH\View\View.php(226): include('C:\\xampp\\htdocs\\koperasi\\app\\Views\\template\\v_template_admin.php')
 7 SYSTEMPATH\View\View.php(229): CodeIgniter\View\View->CodeIgniter\View\{closure}()
 8 SYSTEMPATH\Common.php(1188): CodeIgniter\View\View->render('template/v_template_admin', [], true)
 9 APPPATH\Controllers\Anggota.php(44): view('template/v_template_admin', [...])
10 SYSTEMPATH\CodeIgniter.php(919): App\Controllers\Anggota->input()
11 SYSTEMPATH\CodeIgniter.php(494): CodeIgniter\CodeIgniter->runController(Object(App\Controllers\Anggota))
12 SYSTEMPATH\CodeIgniter.php(353): CodeIgniter\CodeIgniter->handleRequest(null, Object(Config\Cache), false)
13 FCPATH\index.php(79): CodeIgniter\CodeIgniter->run()
INFO - 2023-11-02 11:25:00 --> Session: Class initialized using 'CodeIgniter\Session\Handlers\FileHandler' driver.
CRITICAL - 2023-11-02 11:25:00 --> Undefined variable: fakultas
in APPPATH\Views\anggota\v_input.php on line 24.
 1 APPPATH\Views\anggota\v_input.php(24): CodeIgniter\Debug\Exceptions->errorHandler(8, 'Undefined variable: fakultas', 'C:\\xampp\\htdocs\\koperasi\\app\\Views\\anggota\\v_input.php', 24, [...])
 2 SYSTEMPATH\View\View.php(226): include('C:\\xampp\\htdocs\\koperasi\\app\\Views\\anggota\\v_input.php')
 3 SYSTEMPATH\View\View.php(229): CodeIgniter\View\View->CodeIgniter\View\{closure}()
 4 SYSTEMPATH\Common.php(1188): CodeIgniter\View\View->render('anggota/v_input', [], true)
 5 APPPATH\Views\template\v_template_admin.php(328): view('anggota/v_input')
 6 SYSTEMPATH\View\View.php(226): include('C:\\xampp\\htdocs\\koperasi\\app\\Views\\template\\v_template_admin.php')
 7 SYSTEMPATH\View\View.php(229): CodeIgniter\View\View->CodeIgniter\View\{closure}()
 8 SYSTEMPATH\Common.php(1188): CodeIgniter\View\View->render('template/v_template_admin', [], true)
 9 APPPATH\Controllers\Anggota.php(44): view('template/v_template_admin', [...])
10 SYSTEMPATH\CodeIgniter.php(919): App\Controllers\Anggota->input()
11 SYSTEMPATH\CodeIgniter.php(494): CodeIgniter\CodeIgniter->runController(Object(App\Controllers\Anggota))
12 SYSTEMPATH\CodeIgniter.php(353): CodeIgniter\CodeIgniter->handleRequest(null, Object(Config\Cache), false)
13 FCPATH\index.php(79): CodeIgniter\CodeIgniter->run()
INFO - 2023-11-02 11:25:01 --> Session: Class initialized using 'CodeIgniter\Session\Handlers\FileHandler' driver.
CRITICAL - 2023-11-02 11:25:01 --> Undefined variable: fakultas
in APPPATH\Views\anggota\v_input.php on line 24.
 1 APPPATH\Views\anggota\v_input.php(24): CodeIgniter\Debug\Exceptions->errorHandler(8, 'Undefined variable: fakultas', 'C:\\xampp\\htdocs\\koperasi\\app\\Views\\anggota\\v_input.php', 24, [...])
 2 SYSTEMPATH\View\View.php(226): include('C:\\xampp\\htdocs\\koperasi\\app\\Views\\anggota\\v_input.php')
 3 SYSTEMPATH\View\View.php(229): CodeIgniter\View\View->CodeIgniter\View\{closure}()
 4 SYSTEMPATH\Common.php(1188): CodeIgniter\View\View->render('anggota/v_input', [], true)
 5 APPPATH\Views\template\v_template_admin.php(328): view('anggota/v_input')
 6 SYSTEMPATH\View\View.php(226): include('C:\\xampp\\htdocs\\koperasi\\app\\Views\\template\\v_template_admin.php')
 7 SYSTEMPATH\View\View.php(229): CodeIgniter\View\View->CodeIgniter\View\{closure}()
 8 SYSTEMPATH\Common.php(1188): CodeIgniter\View\View->render('template/v_template_admin', [], true)
 9 APPPATH\Controllers\Anggota.php(44): view('template/v_template_admin', [...])
10 SYSTEMPATH\CodeIgniter.php(919): App\Controllers\Anggota->input()
11 SYSTEMPATH\CodeIgniter.php(494): CodeIgniter\CodeIgniter->runController(Object(App\Controllers\Anggota))
12 SYSTEMPATH\CodeIgniter.php(353): CodeIgniter\CodeIgniter->handleRequest(null, Object(Config\Cache), false)
13 FCPATH\index.php(79): CodeIgniter\CodeIgniter->run()
